# JRE version: Java(TM) SE Runtime Environment (15.0.1+9) (build 15.0.1+9-18)
# Java VM: Java HotSpot(TM) 64-Bit Server VM (15.0.1+9-18, mixed mode, sharing, tiered, compressed oops, g1 gc, windows-amd64)
GC Precious Log:
 CPUs: 12 total, 12 available
 Memory: 8112M
 Large Page Support: Disabled
 NUMA Support: Disabled
 Compressed Oops: Enabled (32-bit)
 Heap Region Size: 1M
 Heap Min Capacity: 256M
 Heap Initial Capacity: 256M
 Heap Max Capacity: 512M
 Pre-touch: Disabled
 Parallel Workers: 10
 Concurrent Workers: 3
 Concurrent Refinement Workers: 10
 Periodic GC: Disabled
Heap:
 garbage-first heap   total 262144K, used 96604K [0x00000000e0000000, 0x0000000100000000)
  region size 1024K, 40 young (40960K), 17 survivors (17408K)
 Metaspace       used 32193K, capacity 32806K, committed 32944K, reserved 282624K
  class space    used 4300K, capacity 4502K, committed 4608K, reserved 253952K
GC Heap History (10 events):
Event: 2.631 GC heap before
{Heap before GC invocations=0 (full 0):
 garbage-first heap   total 262144K, used 29696K [0x00000000e0000000, 0x0000000100000000)
  region size 1024K, 23 young (23552K), 0 survivors (0K)
 Metaspace       used 3155K, capacity 6092K, committed 6400K, reserved 262144K
  class space    used 397K, capacity 664K, committed 768K, reserved 253952K
}
Event: 2.797 GC heap after
{Heap after GC invocations=1 (full 0):
 garbage-first heap   total 262144K, used 8784K [0x00000000e0000000, 0x0000000100000000)
  region size 1024K, 3 young (3072K), 3 survivors (3072K)
 Metaspace       used 3155K, capacity 6092K, committed 6400K, reserved 262144K
  class space    used 397K, capacity 664K, committed 768K, reserved 253952K
}
Event: 4.948 GC heap before
{Heap before GC invocations=1 (full 0):
 garbage-first heap   total 262144K, used 37456K [0x00000000e0000000, 0x0000000100000000)
  region size 1024K, 31 young (31744K), 3 survivors (3072K)
 Metaspace       used 4074K, capacity 6607K, committed 6656K, reserved 262144K
  class space    used 490K, capacity 729K, committed 768K, reserved 253952K
}
Event: 4.956 GC heap after
{Heap after GC invocations=2 (full 0):
 garbage-first heap   total 262144K, used 9835K [0x00000000e0000000, 0x0000000100000000)
  region size 1024K, 2 young (2048K), 2 survivors (2048K)
 Metaspace       used 4074K, capacity 6607K, committed 6656K, reserved 262144K
  class space    used 490K, capacity 729K, committed 768K, reserved 253952K
}
Event: 21.968 GC heap before
{Heap before GC invocations=2 (full 0):
 garbage-first heap   total 262144K, used 146027K [0x00000000e0000000, 0x0000000100000000)
  region size 1024K, 123 young (125952K), 2 survivors (2048K)
 Metaspace       used 20629K, capacity 21185K, committed 21296K, reserved 272384K
  class space    used 2958K, capacity 3151K, committed 3200K, reserved 253952K
}
Event: 22.009 GC heap after
{Heap after GC invocations=3 (full 0):
 garbage-first heap   total 262144K, used 36498K [0x00000000e0000000, 0x0000000100000000)
  region size 1024K, 14 young (14336K), 14 survivors (14336K)
 Metaspace       used 20629K, capacity 21185K, committed 21296K, reserved 272384K
  class space    used 2958K, capacity 3151K, committed 3200K, reserved 253952K
}
Event: 44.297 GC heap before
{Heap before GC invocations=4 (full 0):
 garbage-first heap   total 262144K, used 175762K [0x00000000e0000000, 0x0000000100000000)
  region size 1024K, 144 young (147456K), 14 survivors (14336K)
 Metaspace       used 32163K, capacity 32806K, committed 32944K, reserved 282624K
  class space    used 4296K, capacity 4502K, committed 4608K, reserved 253952K
}
Event: 44.342 GC heap after
{Heap after GC invocations=5 (full 0):
 garbage-first heap   total 262144K, used 67015K [0x00000000e0000000, 0x0000000100000000)
  region size 1024K, 18 young (18432K), 18 survivors (18432K)
 Metaspace       used 32163K, capacity 32806K, committed 32944K, reserved 282624K
  class space    used 4296K, capacity 4502K, committed 4608K, reserved 253952K
}
Event: 46.903 GC heap before
{Heap before GC invocations=5 (full 0):
 garbage-first heap   total 262144K, used 180679K [0x00000000e0000000, 0x0000000100000000)
  region size 1024K, 129 young (132096K), 18 survivors (18432K)
 Metaspace       used 32166K, capacity 32806K, committed 32944K, reserved 282624K
  class space    used 4296K, capacity 4502K, committed 4608K, reserved 253952K
}
Event: 46.931 GC heap after
{Heap after GC invocations=6 (full 0):
 garbage-first heap   total 262144K, used 74076K [0x00000000e0000000, 0x0000000100000000)
  region size 1024K, 17 young (17408K), 17 survivors (17408K)
 Metaspace       used 32166K, capacity 32806K, committed 32944K, reserved 282624K
  class space    used 4296K, capacity 4502K, committed 4608K, reserved 253952K
}

